<?xml version="1.0" encoding="UTF-8"?>
<!-- Generated by org.testng.reporters.JUnitReportReporter -->
<testsuite name="main.java.com.cdp.Scripts.MainThread" tests="1" time="0.008" ignored="0" failures="0" timestamp="25 Sep 2017 10:11:55 GMT" skipped="1" hostname="Mahesh-PC" errors="0">
  <testcase name="MainScript" time="0.008" classname="main.java.com.cdp.Scripts.MainThread">
    <skipped/>
  </testcase> <!-- MainScript -->
</testsuite> <!-- main.java.com.cdp.Scripts.MainThread -->
